<?xml version="1.0" encoding="UTF-8"?>
<testsuite name="sample.SampleTests" tests="1" skipped="0" failures="0" errors="0" timestamp="2019-12-08T22:01:09" hostname="DESKTOP-ANB2DN8" time="0.014">
  <properties/>
  <testcase name="testMe" classname="sample.SampleTests" time="0.014"/>
  <system-out><![CDATA[]]></system-out>
  <system-err><![CDATA[]]></system-err>
</testsuite>
